{
  "0 debug pnpm:scope": {
    "selected": 1
  },
  "1 error pnpm": {
    "message": {
      "errno": 1,
      "code": "ELIFECYCLE",
      "pkgid": "know-your-ember-cli@0.0.0",
      "stage": "start",
      "script": "ember serve",
      "pkgname": "know-your-ember-cli"
    },
    "err": {
      "name": "Error",
      "message": "know-your-ember-cli@0.0.0 start: `ember serve`\nExit status 1",
      "code": "ELIFECYCLE",
      "stack": "Error: know-your-ember-cli@0.0.0 start: `ember serve`\nExit status 1\n    at EventEmitter.proc.on (/Users/user/.nvm/versions/node/v10.15.0/lib/node_modules/pnpm/lib/node_modules/@zkochan/npm-lifecycle/index.js:302:16)\n    at EventEmitter.emit (events.js:182:13)\n    at ChildProcess.<anonymous> (/Users/user/.nvm/versions/node/v10.15.0/lib/node_modules/pnpm/lib/node_modules/@zkochan/npm-lifecycle/lib/spawn.js:55:14)\n    at ChildProcess.emit (events.js:182:13)\n    at maybeClose (internal/child_process.js:962:16)\n    at Process.ChildProcess._handle.onexit (internal/child_process.js:251:5)"
    }
  }
}